# JRE version: Java(TM) SE Runtime Environment (7.0_75-b13) (build 1.7.0_75-b13)
# Java VM: Java HotSpot(TM) 64-Bit Server VM (24.75-b04 mixed mode linux-amd64 compressed oops)
Heap
 PSYoungGen      total 241152K, used 41108K [0x00000000f0000000, 0x0000000100000000, 0x0000000100000000)
  eden space 220160K, 9% used [0x00000000f0000000,0x00000000f13acc60,0x00000000fd700000)
  from space 20992K, 99% used [0x00000000feb80000,0x00000000ffff86d0,0x0000000100000000)
  to   space 20992K, 0% used [0x00000000fd700000,0x00000000fd700000,0x00000000feb80000)
 ParOldGen       total 342528K, used 110832K [0x00000000d0000000, 0x00000000e4e80000, 0x00000000f0000000)
  object space 342528K, 32% used [0x00000000d0000000,0x00000000d6c3c398,0x00000000e4e80000)
 PSPermGen       total 41984K, used 41838K [0x00000000cae00000, 0x00000000cd700000, 0x00000000d0000000)
  object space 41984K, 99% used [0x00000000cae00000,0x00000000cd6dba70,0x00000000cd700000)
GC Heap History (8 events):
Event: 1.128 GC heap before
{Heap before GC invocations=1 (full 0):
 PSYoungGen      total 150528K, used 129536K [0x00000000f0000000, 0x00000000fa780000, 0x0000000100000000)
  eden space 129536K, 100% used [0x00000000f0000000,0x00000000f7e80000,0x00000000f7e80000)
  from space 20992K, 0% used [0x00000000f9300000,0x00000000f9300000,0x00000000fa780000)
  to   space 20992K, 0% used [0x00000000f7e80000,0x00000000f7e80000,0x00000000f9300000)
 ParOldGen       total 342528K, used 0K [0x00000000d0000000, 0x00000000e4e80000, 0x00000000f0000000)
  object space 342528K, 0% used [0x00000000d0000000,0x00000000d0000000,0x00000000e4e80000)
 PSPermGen       total 21504K, used 20704K [0x00000000cae00000, 0x00000000cc300000, 0x00000000d0000000)
  object space 21504K, 96% used [0x00000000cae00000,0x00000000cc2381e0,0x00000000cc300000)
Event: 1.143 GC heap after
Heap after GC invocations=1 (full 0):
 PSYoungGen      total 150528K, used 16864K [0x00000000f0000000, 0x0000000100000000, 0x0000000100000000)
  eden space 129536K, 0% used [0x00000000f0000000,0x00000000f0000000,0x00000000f7e80000)
  from space 20992K, 80% used [0x00000000f7e80000,0x00000000f8ef8218,0x00000000f9300000)
  to   space 20992K, 0% used [0x00000000feb80000,0x00000000feb80000,0x0000000100000000)
 ParOldGen       total 342528K, used 72K [0x00000000d0000000, 0x00000000e4e80000, 0x00000000f0000000)
  object space 342528K, 0% used [0x00000000d0000000,0x00000000d0012010,0x00000000e4e80000)
 PSPermGen       total 21504K, used 20704K [0x00000000cae00000, 0x00000000cc300000, 0x00000000d0000000)
  object space 21504K, 96% used [0x00000000cae00000,0x00000000cc2381e0,0x00000000cc300000)
}
Event: 1.336 GC heap before
{Heap before GC invocations=2 (full 0):
 PSYoungGen      total 150528K, used 146400K [0x00000000f0000000, 0x0000000100000000, 0x0000000100000000)
  eden space 129536K, 100% used [0x00000000f0000000,0x00000000f7e80000,0x00000000f7e80000)
  from space 20992K, 80% used [0x00000000f7e80000,0x00000000f8ef8218,0x00000000f9300000)
  to   space 20992K, 0% used [0x00000000feb80000,0x00000000feb80000,0x0000000100000000)
 ParOldGen       total 342528K, used 72K [0x00000000d0000000, 0x00000000e4e80000, 0x00000000f0000000)
  object space 342528K, 0% used [0x00000000d0000000,0x00000000d0012010,0x00000000e4e80000)
 PSPermGen       total 22016K, used 21655K [0x00000000cae00000, 0x00000000cc380000, 0x00000000d0000000)
  object space 22016K, 98% used [0x00000000cae00000,0x00000000cc325e00,0x00000000cc380000)
Event: 1.363 GC heap after
Heap after GC invocations=2 (full 0):
 PSYoungGen      total 241152K, used 20990K [0x00000000f0000000, 0x0000000100000000, 0x0000000100000000)
  eden space 220160K, 0% used [0x00000000f0000000,0x00000000f0000000,0x00000000fd700000)
  from space 20992K, 99% used [0x00000000feb80000,0x00000000fffff9e8,0x0000000100000000)
  to   space 20992K, 0% used [0x00000000fd700000,0x00000000fd700000,0x00000000feb80000)
 ParOldGen       total 342528K, used 23272K [0x00000000d0000000, 0x00000000e4e80000, 0x00000000f0000000)
  object space 342528K, 6% used [0x00000000d0000000,0x00000000d16ba010,0x00000000e4e80000)
 PSPermGen       total 22016K, used 21655K [0x00000000cae00000, 0x00000000cc380000, 0x00000000d0000000)
  object space 22016K, 98% used [0x00000000cae00000,0x00000000cc325e00,0x00000000cc380000)
}
Event: 3.802 GC heap before
{Heap before GC invocations=3 (full 0):
 PSYoungGen      total 241152K, used 241150K [0x00000000f0000000, 0x0000000100000000, 0x0000000100000000)
  eden space 220160K, 100% used [0x00000000f0000000,0x00000000fd700000,0x00000000fd700000)
  from space 20992K, 99% used [0x00000000feb80000,0x00000000fffff9e8,0x0000000100000000)
  to   space 20992K, 0% used [0x00000000fd700000,0x00000000fd700000,0x00000000feb80000)
 ParOldGen       total 342528K, used 23272K [0x00000000d0000000, 0x00000000e4e80000, 0x00000000f0000000)
  object space 342528K, 6% used [0x00000000d0000000,0x00000000d16ba010,0x00000000e4e80000)
 PSPermGen       total 33792K, used 33719K [0x00000000cae00000, 0x00000000ccf00000, 0x00000000d0000000)
  object space 33792K, 99% used [0x00000000cae00000,0x00000000cceede28,0x00000000ccf00000)
Event: 3.844 GC heap after
Heap after GC invocations=3 (full 0):
 PSYoungGen      total 241152K, used 20987K [0x00000000f0000000, 0x0000000100000000, 0x0000000100000000)
  eden space 220160K, 0% used [0x00000000f0000000,0x00000000f0000000,0x00000000fd700000)
  from space 20992K, 99% used [0x00000000fd700000,0x00000000feb7ec40,0x00000000feb80000)
  to   space 20992K, 0% used [0x00000000feb80000,0x00000000feb80000,0x0000000100000000)
 ParOldGen       total 342528K, used 68613K [0x00000000d0000000, 0x00000000e4e80000, 0x00000000f0000000)
  object space 342528K, 20% used [0x00000000d0000000,0x00000000d43016e0,0x00000000e4e80000)
 PSPermGen       total 33792K, used 33719K [0x00000000cae00000, 0x00000000ccf00000, 0x00000000d0000000)
  object space 33792K, 99% used [0x00000000cae00000,0x00000000cceede28,0x00000000ccf00000)
}
Event: 11.379 GC heap before
{Heap before GC invocations=4 (full 0):
 PSYoungGen      total 241152K, used 241147K [0x00000000f0000000, 0x0000000100000000, 0x0000000100000000)
  eden space 220160K, 100% used [0x00000000f0000000,0x00000000fd700000,0x00000000fd700000)
  from space 20992K, 99% used [0x00000000fd700000,0x00000000feb7ec40,0x00000000feb80000)
  to   space 20992K, 0% used [0x00000000feb80000,0x00000000feb80000,0x0000000100000000)
 ParOldGen       total 342528K, used 68613K [0x00000000d0000000, 0x00000000e4e80000, 0x00000000f0000000)
  object space 342528K, 20% used [0x00000000d0000000,0x00000000d43016e0,0x00000000e4e80000)
 PSPermGen       total 41984K, used 41658K [0x00000000cae00000, 0x00000000cd700000, 0x00000000d0000000)
  object space 41984K, 99% used [0x00000000cae00000,0x00000000cd6ae818,0x00000000cd700000)
Event: 11.420 GC heap after
Heap after GC invocations=4 (full 0):
 PSYoungGen      total 241152K, used 20961K [0x00000000f0000000, 0x0000000100000000, 0x0000000100000000)
  eden space 220160K, 0% used [0x00000000f0000000,0x00000000f0000000,0x00000000fd700000)
  from space 20992K, 99% used [0x00000000feb80000,0x00000000ffff86d0,0x0000000100000000)
  to   space 20992K, 0% used [0x00000000fd700000,0x00000000fd700000,0x00000000feb80000)
 ParOldGen       total 342528K, used 110832K [0x00000000d0000000, 0x00000000e4e80000, 0x00000000f0000000)
  object space 342528K, 32% used [0x00000000d0000000,0x00000000d6c3c398,0x00000000e4e80000)
 PSPermGen       total 41984K, used 41658K [0x00000000cae00000, 0x00000000cd700000, 0x00000000d0000000)
  object space 41984K, 99% used [0x00000000cae00000,0x00000000cd6ae818,0x00000000cd700000)
}

