# JRE version: Java(TM) SE Runtime Environment (7.0_75-b13) (build 1.7.0_75-b13)
# Java VM: Java HotSpot(TM) 64-Bit Server VM (24.75-b04 mixed mode windows-amd64 compressed oops)
Heap
 PSYoungGen      total 227840K, used 88602K [0x00000007ab200000, 0x00000007bdb00000, 0x0000000800000000)
  eden space 157696K, 28% used [0x00000007ab200000,0x00000007addf2c90,0x00000007b4c00000)
  from space 70144K, 62% used [0x00000007b9680000,0x00000007bc113b98,0x00000007bdb00000)
  to   space 73216K, 0% used [0x00000007b4c00000,0x00000007b4c00000,0x00000007b9380000)
 ParOldGen       total 195584K, used 154703K [0x0000000701600000, 0x000000070d500000, 0x00000007ab200000)
  object space 195584K, 79% used [0x0000000701600000,0x000000070ad13ef8,0x000000070d500000)
 PSPermGen       total 83968K, used 54015K [0x00000006fc400000, 0x0000000701600000, 0x0000000701600000)
  object space 83968K, 64% used [0x00000006fc400000,0x00000006ff8bfd48,0x0000000701600000)
GC Heap History (10 events):
Event: 6265.513 GC heap before
{Heap before GC invocations=36 (full 2):
 PSYoungGen      total 190976K, used 190704K [0x00000007ab200000, 0x00000007bfb00000, 0x0000000800000000)
  eden space 188416K, 100% used [0x00000007ab200000,0x00000007b6a00000,0x00000007b6a00000)
  from space 2560K, 89% used [0x00000007b7100000,0x00000007b733c0c8,0x00000007b7380000)
  to   space 74240K, 0% used [0x00000007bb280000,0x00000007bb280000,0x00000007bfb00000)
 ParOldGen       total 195584K, used 99196K [0x0000000701600000, 0x000000070d500000, 0x00000007ab200000)
  object space 195584K, 50% used [0x0000000701600000,0x00000007076df2c8,0x000000070d500000)
 PSPermGen       total 83968K, used 50880K [0x00000006fc400000, 0x0000000701600000, 0x0000000701600000)
  object space 83968K, 60% used [0x00000006fc400000,0x00000006ff5b0088,0x0000000701600000)
Event: 6265.539 GC heap after
Heap after GC invocations=36 (full 2):
 PSYoungGen      total 248320K, used 2453K [0x00000007ab200000, 0x00000007bf380000, 0x0000000800000000)
  eden space 181760K, 0% used [0x00000007ab200000,0x00000007ab200000,0x00000007b6380000)
  from space 66560K, 3% used [0x00000007bb280000,0x00000007bb4e5660,0x00000007bf380000)
  to   space 73728K, 0% used [0x00000007b6380000,0x00000007b6380000,0x00000007bab80000)
 ParOldGen       total 195584K, used 99196K [0x0000000701600000, 0x000000070d500000, 0x00000007ab200000)
  object space 195584K, 50% used [0x0000000701600000,0x00000007076df2c8,0x000000070d500000)
 PSPermGen       total 83968K, used 50880K [0x00000006fc400000, 0x0000000701600000, 0x0000000701600000)
  object space 83968K, 60% used [0x00000006fc400000,0x00000006ff5b0088,0x0000000701600000)
}
Event: 6520.964 GC heap before
{Heap before GC invocations=37 (full 2):
 PSYoungGen      total 248320K, used 184213K [0x00000007ab200000, 0x00000007bf380000, 0x0000000800000000)
  eden space 181760K, 100% used [0x00000007ab200000,0x00000007b6380000,0x00000007b6380000)
  from space 66560K, 3% used [0x00000007bb280000,0x00000007bb4e5660,0x00000007bf380000)
  to   space 73728K, 0% used [0x00000007b6380000,0x00000007b6380000,0x00000007bab80000)
 ParOldGen       total 195584K, used 99196K [0x0000000701600000, 0x000000070d500000, 0x00000007ab200000)
  object space 195584K, 50% used [0x0000000701600000,0x00000007076df2c8,0x000000070d500000)
 PSPermGen       total 83968K, used 51415K [0x00000006fc400000, 0x0000000701600000, 0x0000000701600000)
  object space 83968K, 61% used [0x00000006fc400000,0x00000006ff635f38,0x0000000701600000)
Event: 6520.973 GC heap after
Heap after GC invocations=37 (full 2):
 PSYoungGen      total 193024K, used 17794K [0x00000007ab200000, 0x00000007be700000, 0x0000000800000000)
  eden space 175104K, 0% used [0x00000007ab200000,0x00000007ab200000,0x00000007b5d00000)
  from space 17920K, 99% used [0x00000007b6380000,0x00000007b74e0920,0x00000007b7500000)
  to   space 70656K, 0% used [0x00000007ba200000,0x00000007ba200000,0x00000007be700000)
 ParOldGen       total 195584K, used 99340K [0x0000000701600000, 0x000000070d500000, 0x00000007ab200000)
  object space 195584K, 50% used [0x0000000701600000,0x00000007077032c8,0x000000070d500000)
 PSPermGen       total 83968K, used 51415K [0x00000006fc400000, 0x0000000701600000, 0x0000000701600000)
  object space 83968K, 61% used [0x00000006fc400000,0x00000006ff635f38,0x0000000701600000)
}
Event: 8303.933 GC heap before
{Heap before GC invocations=38 (full 2):
 PSYoungGen      total 193024K, used 192898K [0x00000007ab200000, 0x00000007be700000, 0x0000000800000000)
  eden space 175104K, 100% used [0x00000007ab200000,0x00000007b5d00000,0x00000007b5d00000)
  from space 17920K, 99% used [0x00000007b6380000,0x00000007b74e0920,0x00000007b7500000)
  to   space 70656K, 0% used [0x00000007ba200000,0x00000007ba200000,0x00000007be700000)
 ParOldGen       total 195584K, used 99340K [0x0000000701600000, 0x000000070d500000, 0x00000007ab200000)
  object space 195584K, 50% used [0x0000000701600000,0x00000007077032c8,0x000000070d500000)
 PSPermGen       total 83968K, used 52577K [0x00000006fc400000, 0x0000000701600000, 0x0000000701600000)
  object space 83968K, 62% used [0x00000006fc400000,0x00000006ff758730,0x0000000701600000)
Event: 8303.947 GC heap after
Heap after GC invocations=38 (full 2):
 PSYoungGen      total 235520K, used 40302K [0x00000007ab200000, 0x00000007be300000, 0x0000000800000000)
  eden space 168960K, 0% used [0x00000007ab200000,0x00000007ab200000,0x00000007b5700000)
  from space 66560K, 60% used [0x00000007ba200000,0x00000007bc95bbf0,0x00000007be300000)
  to   space 71680K, 0% used [0x00000007b5700000,0x00000007b5700000,0x00000007b9d00000)
 ParOldGen       total 195584K, used 116390K [0x0000000701600000, 0x000000070d500000, 0x00000007ab200000)
  object space 195584K, 59% used [0x0000000701600000,0x00000007087a9830,0x000000070d500000)
 PSPermGen       total 83968K, used 52577K [0x00000006fc400000, 0x0000000701600000, 0x0000000701600000)
  object space 83968K, 62% used [0x00000006fc400000,0x00000006ff758730,0x0000000701600000)
}
Event: 8465.500 GC heap before
{Heap before GC invocations=39 (full 2):
 PSYoungGen      total 235520K, used 209262K [0x00000007ab200000, 0x00000007be300000, 0x0000000800000000)
  eden space 168960K, 100% used [0x00000007ab200000,0x00000007b5700000,0x00000007b5700000)
  from space 66560K, 60% used [0x00000007ba200000,0x00000007bc95bbf0,0x00000007be300000)
  to   space 71680K, 0% used [0x00000007b5700000,0x00000007b5700000,0x00000007b9d00000)
 ParOldGen       total 195584K, used 116390K [0x0000000701600000, 0x000000070d500000, 0x00000007ab200000)
  object space 195584K, 59% used [0x0000000701600000,0x00000007087a9830,0x000000070d500000)
 PSPermGen       total 83968K, used 53538K [0x00000006fc400000, 0x0000000701600000, 0x0000000701600000)
  object space 83968K, 63% used [0x00000006fc400000,0x00000006ff848bd8,0x0000000701600000)
Event: 8465.535 GC heap after
Heap after GC invocations=39 (full 2):
 PSYoungGen      total 169472K, used 5917K [0x00000007ab200000, 0x00000007bdb80000, 0x0000000800000000)
  eden space 163328K, 0% used [0x00000007ab200000,0x00000007ab200000,0x00000007b5180000)
  from space 6144K, 96% used [0x00000007b5700000,0x00000007b5cc7430,0x00000007b5d00000)
  to   space 70656K, 0% used [0x00000007b9680000,0x00000007b9680000,0x00000007bdb80000)
 ParOldGen       total 195584K, used 149882K [0x0000000701600000, 0x000000070d500000, 0x00000007ab200000)
  object space 195584K, 76% used [0x0000000701600000,0x000000070a85ea78,0x000000070d500000)
 PSPermGen       total 83968K, used 53538K [0x00000006fc400000, 0x0000000701600000, 0x0000000701600000)
  object space 83968K, 63% used [0x00000006fc400000,0x00000006ff848bd8,0x0000000701600000)
}
Event: 8587.984 GC heap before
{Heap before GC invocations=40 (full 2):
 PSYoungGen      total 169472K, used 169245K [0x00000007ab200000, 0x00000007bdb80000, 0x0000000800000000)
  eden space 163328K, 100% used [0x00000007ab200000,0x00000007b5180000,0x00000007b5180000)
  from space 6144K, 96% used [0x00000007b5700000,0x00000007b5cc7430,0x00000007b5d00000)
  to   space 70656K, 0% used [0x00000007b9680000,0x00000007b9680000,0x00000007bdb80000)
 ParOldGen       total 195584K, used 149882K [0x0000000701600000, 0x000000070d500000, 0x00000007ab200000)
  object space 195584K, 76% used [0x0000000701600000,0x000000070a85ea78,0x000000070d500000)
 PSPermGen       total 83968K, used 53915K [0x00000006fc400000, 0x0000000701600000, 0x0000000701600000)
  object space 83968K, 64% used [0x00000006fc400000,0x00000006ff8a6c50,0x0000000701600000)
Event: 8588.025 GC heap after
Heap after GC invocations=40 (full 2):
 PSYoungGen      total 227840K, used 43598K [0x00000007ab200000, 0x00000007bdb00000, 0x0000000800000000)
  eden space 157696K, 0% used [0x00000007ab200000,0x00000007ab200000,0x00000007b4c00000)
  from space 70144K, 62% used [0x00000007b9680000,0x00000007bc113b98,0x00000007bdb00000)
  to   space 73216K, 0% used [0x00000007b4c00000,0x00000007b4c00000,0x00000007b9380000)
 ParOldGen       total 195584K, used 154703K [0x0000000701600000, 0x000000070d500000, 0x00000007ab200000)
  object space 195584K, 79% used [0x0000000701600000,0x000000070ad13ef8,0x000000070d500000)
 PSPermGen       total 83968K, used 53915K [0x00000006fc400000, 0x0000000701600000, 0x0000000701600000)
  object space 83968K, 64% used [0x00000006fc400000,0x00000006ff8a6c50,0x0000000701600000)
}

